[0.027s] Invoking command in '/root/ros2_decawave/build/decawave_msg': CMAKE_PREFIX_PATH=${CMAKE_PREFIX_PATH}:/root/ros2_decawave/install/decawave_test_controller:/root/ros2_ws/install/my_robot_controller:/opt/ros/humble PS1=(myenv) \[\e]0;\u@\h: \w\a\]${debian_chroot:+($debian_chroot)}\u@\h:\w\$ VIRTUAL_ENV_PROMPT=(myenv) /usr/bin/cmake --build /root/ros2_decawave/build/decawave_msg -- -j16 -l16
[0.070s] failed to create symbolic link '/root/ros2_decawave/build/decawave_msg/ament_cmake_python/decawave_msg/decawave_msg' because existing path cannot be removed: Is a directory
[0.070s] [  3%] Built target decawave_msg__cpp
[0.071s] [ 12%] Built target decawave_msg__rosidl_generator_c
[0.071s] gmake[2]: *** [CMakeFiles/ament_cmake_python_symlink_decawave_msg.dir/build.make:70: CMakeFiles/ament_cmake_python_symlink_decawave_msg] Error 1
[0.071s] gmake[1]: *** [CMakeFiles/Makefile2:421: CMakeFiles/ament_cmake_python_symlink_decawave_msg.dir/all] Error 2
[0.071s] gmake[1]: *** Waiting for unfinished jobs....
[0.071s] gmake: *** [Makefile:146: all] Error 2
[0.303s] Invoked command in '/root/ros2_decawave/build/decawave_msg' returned '2': CMAKE_PREFIX_PATH=${CMAKE_PREFIX_PATH}:/root/ros2_decawave/install/decawave_test_controller:/root/ros2_ws/install/my_robot_controller:/opt/ros/humble PS1=(myenv) \[\e]0;\u@\h: \w\a\]${debian_chroot:+($debian_chroot)}\u@\h:\w\$ VIRTUAL_ENV_PROMPT=(myenv) /usr/bin/cmake --build /root/ros2_decawave/build/decawave_msg -- -j16 -l16
