[0.026s] Invoking command in '/root/ros2_decawave/build/decawave_msg': CMAKE_PREFIX_PATH=${CMAKE_PREFIX_PATH}:/root/ros2_decawave/install/decawave_test_controller:/root/ros2_ws/install/my_robot_controller:/opt/ros/humble PS1=(myenv) \[\e]0;\u@\h: \w\a\]${debian_chroot:+($debian_chroot)}\u@\h:\w\$ VIRTUAL_ENV_PROMPT=(myenv) /usr/bin/cmake --build /root/ros2_decawave/build/decawave_msg -- -j16 -l16
[0.066s] [  3%] Built target decawave_msg__cpp
[0.067s] failed to create symbolic link '/root/ros2_decawave/build/decawave_msg/ament_cmake_python/decawave_msg/decawave_msg' because existing path cannot be removed: Is a directory
[0.068s] gmake[2]: *** [CMakeFiles/ament_cmake_python_symlink_decawave_msg.dir/build.make:70: CMakeFiles/ament_cmake_python_symlink_decawave_msg] Error 1
[0.068s] gmake[1]: *** [CMakeFiles/Makefile2:421: CMakeFiles/ament_cmake_python_symlink_decawave_msg.dir/all] Error 2
[0.068s] gmake[1]: *** Waiting for unfinished jobs....
[0.070s] [ 12%] Built target decawave_msg__rosidl_generator_c
[0.075s] [ 16%] [34m[1mGenerating C++ type support for eProsima Fast-RTPS[0m
[0.075s] [35m[1mConsolidate compiler generated dependencies of target decawave_msg__rosidl_typesupport_cpp[0m
[0.076s] [ 19%] [34m[1mGenerating C++ introspection for ROS interfaces[0m
[0.087s] [ 29%] Built target decawave_msg__rosidl_typesupport_cpp
[0.321s] [ 32%] [32mBuilding CXX object CMakeFiles/decawave_msg__rosidl_typesupport_introspection_cpp.dir/rosidl_typesupport_introspection_cpp/decawave_msg/msg/detail/deca_range__type_support.cpp.o[0m
[0.338s] [ 35%] [32mBuilding CXX object CMakeFiles/decawave_msg__rosidl_typesupport_fastrtps_cpp.dir/rosidl_typesupport_fastrtps_cpp/decawave_msg/msg/detail/dds_fastrtps/deca_range__type_support.cpp.o[0m
[0.738s] [ 38%] [32m[1mLinking CXX shared library libdecawave_msg__rosidl_typesupport_introspection_cpp.so[0m
[0.819s] [ 41%] [32m[1mLinking CXX shared library libdecawave_msg__rosidl_typesupport_fastrtps_cpp.so[0m
[0.969s] [ 41%] Built target decawave_msg__rosidl_typesupport_introspection_cpp
[1.035s] [ 41%] Built target decawave_msg__rosidl_typesupport_fastrtps_cpp
[1.036s] gmake: *** [Makefile:146: all] Error 2
[1.038s] Invoked command in '/root/ros2_decawave/build/decawave_msg' returned '2': CMAKE_PREFIX_PATH=${CMAKE_PREFIX_PATH}:/root/ros2_decawave/install/decawave_test_controller:/root/ros2_ws/install/my_robot_controller:/opt/ros/humble PS1=(myenv) \[\e]0;\u@\h: \w\a\]${debian_chroot:+($debian_chroot)}\u@\h:\w\$ VIRTUAL_ENV_PROMPT=(myenv) /usr/bin/cmake --build /root/ros2_decawave/build/decawave_msg -- -j16 -l16
