[0.024s] Invoking command in '/root/ros2_decawave/build/decawave_msg': CMAKE_PREFIX_PATH=${CMAKE_PREFIX_PATH}:/root/ros2_decawave/install/decawave_test_controller:/root/ros2_ws/install/my_robot_controller:/opt/ros/humble /usr/bin/cmake /root/ros2_decawave/src/decawave_msg -DAMENT_CMAKE_SYMLINK_INSTALL=1 -DCMAKE_INSTALL_PREFIX=/root/ros2_decawave/install/decawave_msg
[0.033s] -- Found ament_cmake: 1.3.4 (/opt/ros/humble/share/ament_cmake/cmake)
[0.181s] -- Override CMake install command with custom implementation using symlinks instead of copying resources
[0.192s] -- Found std_msgs: 4.2.3 (/opt/ros/humble/share/std_msgs/cmake)
[0.433s] -- Found rosidl_generator_c: 3.1.4 (/opt/ros/humble/share/rosidl_generator_c/cmake)
[0.435s] -- Found rosidl_adapter: 3.1.4 (/opt/ros/humble/share/rosidl_adapter/cmake)
[0.442s] -- Found rosidl_generator_cpp: 3.1.4 (/opt/ros/humble/share/rosidl_generator_cpp/cmake)
[0.454s] -- Using all available rosidl_typesupport_c: rosidl_typesupport_fastrtps_c;rosidl_typesupport_introspection_c
[0.471s] -- Using all available rosidl_typesupport_cpp: rosidl_typesupport_fastrtps_cpp;rosidl_typesupport_introspection_cpp
[0.531s] -- Found rosidl_default_generators: 1.2.0 (/opt/ros/humble/share/rosidl_default_generators/cmake)
[0.803s] -- Found ament_cmake_ros: 0.10.0 (/opt/ros/humble/share/ament_cmake_ros/cmake)
[1.174s] -- Using all available rosidl_typesupport_c: rosidl_typesupport_fastrtps_c;rosidl_typesupport_introspection_c
[1.320s] -- Using all available rosidl_typesupport_cpp: rosidl_typesupport_fastrtps_cpp;rosidl_typesupport_introspection_cpp
[1.343s] -- Found python_cmake_module: 0.10.0 (/opt/ros/humble/share/python_cmake_module/cmake)
[1.366s] -- Using PYTHON_EXECUTABLE: /usr/bin/python3
[1.366s] -- Using PYTHON_INCLUDE_DIRS: /usr/include/python3.10
[1.366s] -- Using PYTHON_LIBRARIES: /usr/lib/x86_64-linux-gnu/libpython3.10.so
[1.403s] -- Configuring done
[1.436s] -- Generating done
[1.439s] -- Build files have been written to: /root/ros2_decawave/build/decawave_msg
[1.446s] Invoked command in '/root/ros2_decawave/build/decawave_msg' returned '0': CMAKE_PREFIX_PATH=${CMAKE_PREFIX_PATH}:/root/ros2_decawave/install/decawave_test_controller:/root/ros2_ws/install/my_robot_controller:/opt/ros/humble /usr/bin/cmake /root/ros2_decawave/src/decawave_msg -DAMENT_CMAKE_SYMLINK_INSTALL=1 -DCMAKE_INSTALL_PREFIX=/root/ros2_decawave/install/decawave_msg
[1.448s] Invoking command in '/root/ros2_decawave/build/decawave_msg': CMAKE_PREFIX_PATH=${CMAKE_PREFIX_PATH}:/root/ros2_decawave/install/decawave_test_controller:/root/ros2_ws/install/my_robot_controller:/opt/ros/humble /usr/bin/cmake --build /root/ros2_decawave/build/decawave_msg -- -j16 -l16
[1.480s] [35m[1mConsolidate compiler generated dependencies of target decawave_msg__rosidl_generator_c[0m
[1.487s] failed to create symbolic link '/root/ros2_decawave/build/decawave_msg/ament_cmake_python/decawave_msg/decawave_msg' because existing path cannot be removed: Is a directory
[1.487s] [  3%] Built target decawave_msg__cpp
[1.488s] gmake[2]: *** [CMakeFiles/ament_cmake_python_symlink_decawave_msg.dir/build.make:70: CMakeFiles/ament_cmake_python_symlink_decawave_msg] Error 1
[1.488s] gmake[1]: *** [CMakeFiles/Makefile2:421: CMakeFiles/ament_cmake_python_symlink_decawave_msg.dir/all] Error 2
[1.488s] gmake[1]: *** Waiting for unfinished jobs....
[1.488s] [ 12%] Built target decawave_msg__rosidl_generator_c
[1.489s] gmake: *** [Makefile:146: all] Error 2
[1.492s] Invoked command in '/root/ros2_decawave/build/decawave_msg' returned '2': CMAKE_PREFIX_PATH=${CMAKE_PREFIX_PATH}:/root/ros2_decawave/install/decawave_test_controller:/root/ros2_ws/install/my_robot_controller:/opt/ros/humble /usr/bin/cmake --build /root/ros2_decawave/build/decawave_msg -- -j16 -l16
